(venv) PS D:\ComfyUI\custom_nodes> $env:CL = "/utf-8 /EHsc"
(venv) PS D:\ComfyUI\custom_nodes> $env:PYTHONIOENCODING = "utf-8"
(venv) PS D:\ComfyUI\custom_nodes> $env:SKBUILD_CMAKE_ARGS = @(
>>   "-DFETCHCONTENT_SOURCE_DIR_EIGEN=C:/Users/starmoon/Downloads/eigen-3.4.0/eigen-3.4.0",
>>   "-DFETCHCONTENT_SOURCE_DIR_LIBIGL=C:/Users/starmoon/Downloads/libigl-678e1fff76815e0c4c5d1f025ee2129181cc7d86/libigl-678e1fff76815e0c4c5d1f025ee2129181cc7d86",
>>   "-DFETCHCONTENT_SOURCE_DIR_NANOBIND=C:/Users/starmoon/Downloads/nanobind-2.7.0/nanobind-2.7.0",
>>   "-DFETCHCONTENT_SOURCE_DIR_EMBREE=C:/Users/starmoon/Downloads/embree-4.4.0/embree-4.4.0",
>>   "-DFETCHCONTENT_SOURCE_DIR_BOOST=C:/Users/starmoon/Downloads/boost_1_86_0.tar/boost_1_86_0",
>>   "-DCMAKE_PREFIX_PATH=D:/libs/robin-map-install",
>>   "-DFETCHCONTENT_SOURCE_DIR_TETGEN=C:/Users/starmoon/Downloads/tetgen-e05aca7df74e3f531bc35733ed87d36d437266c5/tetgen-e05aca7df74e3f531bc35733ed87d36d437266c5",
>>   "-DFETCHCONTENT_SOURCE_DIR_CGAL=C:/Users/starmoon/Downloads/CGAL-6.0.1-library.tar/CGAL-6.0.1-library/CGAL-6.0.1",
>>   "-DCMAKE_CXX_FLAGS=/utf-8 /EHsc",
>>   "-DCMAKE_C_FLAGS=/utf-8"
>> ) -join ";"
(venv) PS D:\ComfyUI\custom_nodes> pip wheel libigl --no-build-isolation --no-cache-dir -w .
Looking in indexes: https://mirrors.aliyun.com/pypi/simple/
Collecting libigl
  Downloading libigl-2.6.2.tar.gz (41.2 MB)
     ━━━━━━━━━━━━━━━━━━━━━━━━━━━━━━━━━━━━━━━━ 41.2/41.2 MB 59.6 MB/s  0:00:00
  Preparing metadata (pyproject.toml) ... done
Collecting numpy (from libigl)
  File was already downloaded d:\comfyui\custom_nodes\numpy-2.4.4-cp311-cp311-win_amd64.whl
Collecting scipy (from libigl)
  File was already downloaded d:\comfyui\custom_nodes\scipy-1.17.1-cp311-cp311-win_amd64.whl
Building wheels for collected packages: libigl
  Building wheel for libigl (pyproject.toml) ... done
  Created wheel for libigl: filename=libigl-2.6.2-cp311-cp311-win_amd64.whl size=19035428 sha256=1de14ca6b89f651beaa7c0b93089229235b0a485804412a21c61223e20f2d257
  Stored in directory: C:\Users\starmoon\AppData\Local\Temp\pip-ephem-wheel-cache-qvzqovrf\wheels\a2\2f\7d\4990d4bd7c0578c2e78891903f433b087365c89b54a5aa4610
Successfully built libigl
(venv) PS D:\ComfyUI\custom_nodes> pip install D:\ComfyUI\custom_nodes\libigl-2.6.2-cp311-cp311-win_amd64.whl
Looking in indexes: https://mirrors.aliyun.com/pypi/simple/
Processing .\libigl-2.6.2-cp311-cp311-win_amd64.whl
Requirement already satisfied: numpy in D:\ComfyUI\venv\Lib\site-packages (from libigl==2.6.2) (2.4.3)
Requirement already satisfied: scipy in D:\ComfyUI\venv\Lib\site-packages (from libigl==2.6.2) (1.17.1)
Installing collected packages: libigl
Successfully installed libigl-2.6.2
(venv) PS D:\ComfyUI\custom_nodes>
